<?xml version="1.0" encoding="UTF-8"?>
<!-- Generated by org.testng.reporters.JUnitReportReporter -->
<testsuite hostname="DESKTOP-GNUP3S3" failures="0" tests="2" name="tests.NavigationTests" time="41.084" errors="0" timestamp="2025-07-31T23:27:41 IST" skipped="0">
  <testcase classname="tests.NavigationTests" name="testNavigateToContactPage" time="11.075"/>
  <testcase classname="tests.NavigationTests" name="testNavigateToCareersPage" time="30.009"/>
</testsuite> <!-- tests.NavigationTests -->
