<?xml version="1.0" encoding="UTF-8"?>
<!-- Generated by org.testng.reporters.JUnitReportReporter -->
<testsuite hostname="DESKTOP-GNUP3S3" failures="0" tests="1" name="tests.FormInteractionTests" time="30.875" errors="0" timestamp="2025-07-31T23:27:41 IST" skipped="0">
  <testcase classname="tests.FormInteractionTests" name="testInputFieldsOnWatchDemoPage" time="30.875"/>
</testsuite> <!-- tests.FormInteractionTests -->
