<?xml version="1.0" encoding="UTF-8"?>
<!-- Generated by org.testng.reporters.JUnitReportReporter -->
<testsuite hostname="DESKTOP-GNUP3S3" failures="0" tests="1" name="tests.DynamicContentTests" time="13.647" errors="0" timestamp="2025-07-31T23:27:41 IST" skipped="0">
  <testcase classname="tests.DynamicContentTests" name="testMainHeadlineVisibility" time="13.647"/>
</testsuite> <!-- tests.DynamicContentTests -->
